INFO:WDM:====== WebDriver manager ======
INFO:WDM:Get LATEST chromedriver version for google-chrome
INFO:WDM:Get LATEST chromedriver version for google-chrome
INFO:WDM:There is no [win64] chromedriver "140.0.7339.80" for browser google-chrome "140.0.7339" in cache
INFO:WDM:Get LATEST chromedriver version for google-chrome
INFO:WDM:WebDriver version 140.0.7339.80 selected
INFO:WDM:Modern chrome version https://storage.googleapis.com/chrome-for-testing-public/140.0.7339.80/win32/chromedriver-win32.zip
INFO:WDM:About to download new driver from https://storage.googleapis.com/chrome-for-testing-public/140.0.7339.80/win32/chromedriver-win32.zip
INFO:WDM:Driver downloading response is 200
INFO:WDM:Get LATEST chromedriver version for google-chrome
INFO:WDM:Driver has been saved in cache [C:\Users\MarceloSebastiaoPire\.wdm\drivers\chromedriver\win64\140.0.7339.80]
INFO:WDM:====== WebDriver manager ======
INFO:WDM:Get LATEST chromedriver version for google-chrome
INFO:WDM:Get LATEST chromedriver version for google-chrome
INFO:WDM:Driver [C:\Users\MarceloSebastiaoPire\.wdm\drivers\chromedriver\win64\140.0.7339.80\chromedriver-win32/THIRD_PARTY_NOTICES.chromedriver] found in cache
INFO:WDM:====== WebDriver manager ======
INFO:WDM:Get LATEST chromedriver version for google-chrome
INFO:WDM:Get LATEST chromedriver version for google-chrome
INFO:WDM:Get LATEST chromedriver version for google-chrome
INFO:WDM:WebDriver version 140.0.7339.80 selected
INFO:WDM:Modern chrome version https://storage.googleapis.com/chrome-for-testing-public/140.0.7339.80/win32/chromedriver-win32.zip
INFO:WDM:About to download new driver from https://storage.googleapis.com/chrome-for-testing-public/140.0.7339.80/win32/chromedriver-win32.zip
INFO:WDM:Driver downloading response is 200
INFO:WDM:Get LATEST chromedriver version for google-chrome
INFO:WDM:Driver has been saved in cache [C:\Users\MarceloSebastiaoPire\.wdm\drivers\chromedriver\win64\140.0.7339.80]
